<?xml version="1.0" encoding="UTF-8"?>
<testsuite xmlns:xsi="http://www.w3.org/2001/XMLSchema-instance" xsi:noNamespaceSchemaLocation="https://maven.apache.org/surefire/maven-surefire-plugin/xsd/surefire-test-report.xsd" name="com.sys.hf.pureray.PurerayApplicationTests" time="0.991" tests="1" errors="0" skipped="0" failures="0">
  <properties>
    <property name="sun.desktop" value="windows"/>
    <property name="awt.toolkit" value="sun.awt.windows.WToolkit"/>
    <property name="file.encoding.pkg" value="sun.io"/>
    <property name="java.specification.version" value="1.8"/>
    <property name="sun.cpu.isalist" value="amd64"/>
    <property name="sun.jnu.encoding" value="GBK"/>
    <property name="java.class.path" value="D:\workSpace\pureray\target\test-classes;D:\workSpace\pureray\target\classes;C:\David\dev_file\Repository\org\springframework\boot\spring-boot-starter\2.4.3\spring-boot-starter-2.4.3.jar;C:\David\dev_file\Repository\org\springframework\boot\spring-boot\2.4.3\spring-boot-2.4.3.jar;C:\David\dev_file\Repository\org\springframework\spring-context\5.3.4\spring-context-5.3.4.jar;C:\David\dev_file\Repository\org\springframework\spring-aop\5.3.4\spring-aop-5.3.4.jar;C:\David\dev_file\Repository\org\springframework\spring-beans\5.3.4\spring-beans-5.3.4.jar;C:\David\dev_file\Repository\org\springframework\spring-expression\5.3.4\spring-expression-5.3.4.jar;C:\David\dev_file\Repository\org\springframework\boot\spring-boot-autoconfigure\2.4.3\spring-boot-autoconfigure-2.4.3.jar;C:\David\dev_file\Repository\org\springframework\boot\spring-boot-starter-logging\2.4.3\spring-boot-starter-logging-2.4.3.jar;C:\David\dev_file\Repository\ch\qos\logback\logback-classic\1.2.3\logback-classic-1.2.3.jar;C:\David\dev_file\Repository\ch\qos\logback\logback-core\1.2.3\logback-core-1.2.3.jar;C:\David\dev_file\Repository\org\apache\logging\log4j\log4j-to-slf4j\2.13.3\log4j-to-slf4j-2.13.3.jar;C:\David\dev_file\Repository\org\apache\logging\log4j\log4j-api\2.13.3\log4j-api-2.13.3.jar;C:\David\dev_file\Repository\org\slf4j\jul-to-slf4j\1.7.30\jul-to-slf4j-1.7.30.jar;C:\David\dev_file\Repository\jakarta\annotation\jakarta.annotation-api\1.3.5\jakarta.annotation-api-1.3.5.jar;C:\David\dev_file\Repository\org\springframework\spring-core\5.3.4\spring-core-5.3.4.jar;C:\David\dev_file\Repository\org\springframework\spring-jcl\5.3.4\spring-jcl-5.3.4.jar;C:\David\dev_file\Repository\org\yaml\snakeyaml\1.27\snakeyaml-1.27.jar;C:\David\dev_file\Repository\org\springframework\boot\spring-boot-starter-test\2.4.3\spring-boot-starter-test-2.4.3.jar;C:\David\dev_file\Repository\org\springframework\boot\spring-boot-test\2.4.3\spring-boot-test-2.4.3.jar;C:\David\dev_file\Repository\org\springframework\boot\spring-boot-test-autoconfigure\2.4.3\spring-boot-test-autoconfigure-2.4.3.jar;C:\David\dev_file\Repository\com\jayway\jsonpath\json-path\2.4.0\json-path-2.4.0.jar;C:\David\dev_file\Repository\net\minidev\json-smart\2.3\json-smart-2.3.jar;C:\David\dev_file\Repository\net\minidev\accessors-smart\1.2\accessors-smart-1.2.jar;C:\David\dev_file\Repository\org\ow2\asm\asm\5.0.4\asm-5.0.4.jar;C:\David\dev_file\Repository\org\slf4j\slf4j-api\1.7.30\slf4j-api-1.7.30.jar;C:\David\dev_file\Repository\jakarta\xml\bind\jakarta.xml.bind-api\2.3.3\jakarta.xml.bind-api-2.3.3.jar;C:\David\dev_file\Repository\jakarta\activation\jakarta.activation-api\1.2.2\jakarta.activation-api-1.2.2.jar;C:\David\dev_file\Repository\org\assertj\assertj-core\3.18.1\assertj-core-3.18.1.jar;C:\David\dev_file\Repository\org\hamcrest\hamcrest\2.2\hamcrest-2.2.jar;C:\David\dev_file\Repository\org\junit\jupiter\junit-jupiter\5.7.1\junit-jupiter-5.7.1.jar;C:\David\dev_file\Repository\org\junit\jupiter\junit-jupiter-api\5.7.1\junit-jupiter-api-5.7.1.jar;C:\David\dev_file\Repository\org\apiguardian\apiguardian-api\1.1.0\apiguardian-api-1.1.0.jar;C:\David\dev_file\Repository\org\opentest4j\opentest4j\1.2.0\opentest4j-1.2.0.jar;C:\David\dev_file\Repository\org\junit\platform\junit-platform-commons\1.7.1\junit-platform-commons-1.7.1.jar;C:\David\dev_file\Repository\org\junit\jupiter\junit-jupiter-params\5.7.1\junit-jupiter-params-5.7.1.jar;C:\David\dev_file\Repository\org\junit\jupiter\junit-jupiter-engine\5.7.1\junit-jupiter-engine-5.7.1.jar;C:\David\dev_file\Repository\org\junit\platform\junit-platform-engine\1.7.1\junit-platform-engine-1.7.1.jar;C:\David\dev_file\Repository\org\mockito\mockito-core\3.6.28\mockito-core-3.6.28.jar;C:\David\dev_file\Repository\net\bytebuddy\byte-buddy\1.10.20\byte-buddy-1.10.20.jar;C:\David\dev_file\Repository\net\bytebuddy\byte-buddy-agent\1.10.20\byte-buddy-agent-1.10.20.jar;C:\David\dev_file\Repository\org\objenesis\objenesis\3.1\objenesis-3.1.jar;C:\David\dev_file\Repository\org\mockito\mockito-junit-jupiter\3.6.28\mockito-junit-jupiter-3.6.28.jar;C:\David\dev_file\Repository\org\skyscreamer\jsonassert\1.5.0\jsonassert-1.5.0.jar;C:\David\dev_file\Repository\com\vaadin\external\google\android-json\0.0.20131108.vaadin1\android-json-0.0.20131108.vaadin1.jar;C:\David\dev_file\Repository\org\springframework\spring-test\5.3.4\spring-test-5.3.4.jar;C:\David\dev_file\Repository\org\xmlunit\xmlunit-core\2.7.0\xmlunit-core-2.7.0.jar;"/>
    <property name="java.vm.vendor" value="Oracle Corporation"/>
    <property name="sun.arch.data.model" value="64"/>
    <property name="user.variant" value=""/>
    <property name="java.vendor.url" value="http://java.oracle.com/"/>
    <property name="user.timezone" value="Asia/Shanghai"/>
    <property name="java.vm.specification.version" value="1.8"/>
    <property name="os.name" value="Windows 10"/>
    <property name="user.country" value="CN"/>
    <property name="sun.java.launcher" value="SUN_STANDARD"/>
    <property name="sun.boot.library.path" value="C:\David\jdk\jre\bin"/>
    <property name="sun.java.command" value="C:\Users\15585\AppData\Local\Temp\surefire8337211563634265624\surefirebooter2320071510952504714.jar C:\Users\15585\AppData\Local\Temp\surefire8337211563634265624 2021-02-24T19-03-44_199-jvmRun1 surefire7469106219311095252tmp surefire_04838378433831991080tmp"/>
    <property name="surefire.test.class.path" value="D:\workSpace\pureray\target\test-classes;D:\workSpace\pureray\target\classes;C:\David\dev_file\Repository\org\springframework\boot\spring-boot-starter\2.4.3\spring-boot-starter-2.4.3.jar;C:\David\dev_file\Repository\org\springframework\boot\spring-boot\2.4.3\spring-boot-2.4.3.jar;C:\David\dev_file\Repository\org\springframework\spring-context\5.3.4\spring-context-5.3.4.jar;C:\David\dev_file\Repository\org\springframework\spring-aop\5.3.4\spring-aop-5.3.4.jar;C:\David\dev_file\Repository\org\springframework\spring-beans\5.3.4\spring-beans-5.3.4.jar;C:\David\dev_file\Repository\org\springframework\spring-expression\5.3.4\spring-expression-5.3.4.jar;C:\David\dev_file\Repository\org\springframework\boot\spring-boot-autoconfigure\2.4.3\spring-boot-autoconfigure-2.4.3.jar;C:\David\dev_file\Repository\org\springframework\boot\spring-boot-starter-logging\2.4.3\spring-boot-starter-logging-2.4.3.jar;C:\David\dev_file\Repository\ch\qos\logback\logback-classic\1.2.3\logback-classic-1.2.3.jar;C:\David\dev_file\Repository\ch\qos\logback\logback-core\1.2.3\logback-core-1.2.3.jar;C:\David\dev_file\Repository\org\apache\logging\log4j\log4j-to-slf4j\2.13.3\log4j-to-slf4j-2.13.3.jar;C:\David\dev_file\Repository\org\apache\logging\log4j\log4j-api\2.13.3\log4j-api-2.13.3.jar;C:\David\dev_file\Repository\org\slf4j\jul-to-slf4j\1.7.30\jul-to-slf4j-1.7.30.jar;C:\David\dev_file\Repository\jakarta\annotation\jakarta.annotation-api\1.3.5\jakarta.annotation-api-1.3.5.jar;C:\David\dev_file\Repository\org\springframework\spring-core\5.3.4\spring-core-5.3.4.jar;C:\David\dev_file\Repository\org\springframework\spring-jcl\5.3.4\spring-jcl-5.3.4.jar;C:\David\dev_file\Repository\org\yaml\snakeyaml\1.27\snakeyaml-1.27.jar;C:\David\dev_file\Repository\org\springframework\boot\spring-boot-starter-test\2.4.3\spring-boot-starter-test-2.4.3.jar;C:\David\dev_file\Repository\org\springframework\boot\spring-boot-test\2.4.3\spring-boot-test-2.4.3.jar;C:\David\dev_file\Repository\org\springframework\boot\spring-boot-test-autoconfigure\2.4.3\spring-boot-test-autoconfigure-2.4.3.jar;C:\David\dev_file\Repository\com\jayway\jsonpath\json-path\2.4.0\json-path-2.4.0.jar;C:\David\dev_file\Repository\net\minidev\json-smart\2.3\json-smart-2.3.jar;C:\David\dev_file\Repository\net\minidev\accessors-smart\1.2\accessors-smart-1.2.jar;C:\David\dev_file\Repository\org\ow2\asm\asm\5.0.4\asm-5.0.4.jar;C:\David\dev_file\Repository\org\slf4j\slf4j-api\1.7.30\slf4j-api-1.7.30.jar;C:\David\dev_file\Repository\jakarta\xml\bind\jakarta.xml.bind-api\2.3.3\jakarta.xml.bind-api-2.3.3.jar;C:\David\dev_file\Repository\jakarta\activation\jakarta.activation-api\1.2.2\jakarta.activation-api-1.2.2.jar;C:\David\dev_file\Repository\org\assertj\assertj-core\3.18.1\assertj-core-3.18.1.jar;C:\David\dev_file\Repository\org\hamcrest\hamcrest\2.2\hamcrest-2.2.jar;C:\David\dev_file\Repository\org\junit\jupiter\junit-jupiter\5.7.1\junit-jupiter-5.7.1.jar;C:\David\dev_file\Repository\org\junit\jupiter\junit-jupiter-api\5.7.1\junit-jupiter-api-5.7.1.jar;C:\David\dev_file\Repository\org\apiguardian\apiguardian-api\1.1.0\apiguardian-api-1.1.0.jar;C:\David\dev_file\Repository\org\opentest4j\opentest4j\1.2.0\opentest4j-1.2.0.jar;C:\David\dev_file\Repository\org\junit\platform\junit-platform-commons\1.7.1\junit-platform-commons-1.7.1.jar;C:\David\dev_file\Repository\org\junit\jupiter\junit-jupiter-params\5.7.1\junit-jupiter-params-5.7.1.jar;C:\David\dev_file\Repository\org\junit\jupiter\junit-jupiter-engine\5.7.1\junit-jupiter-engine-5.7.1.jar;C:\David\dev_file\Repository\org\junit\platform\junit-platform-engine\1.7.1\junit-platform-engine-1.7.1.jar;C:\David\dev_file\Repository\org\mockito\mockito-core\3.6.28\mockito-core-3.6.28.jar;C:\David\dev_file\Repository\net\bytebuddy\byte-buddy\1.10.20\byte-buddy-1.10.20.jar;C:\David\dev_file\Repository\net\bytebuddy\byte-buddy-agent\1.10.20\byte-buddy-agent-1.10.20.jar;C:\David\dev_file\Repository\org\objenesis\objenesis\3.1\objenesis-3.1.jar;C:\David\dev_file\Repository\org\mockito\mockito-junit-jupiter\3.6.28\mockito-junit-jupiter-3.6.28.jar;C:\David\dev_file\Repository\org\skyscreamer\jsonassert\1.5.0\jsonassert-1.5.0.jar;C:\David\dev_file\Repository\com\vaadin\external\google\android-json\0.0.20131108.vaadin1\android-json-0.0.20131108.vaadin1.jar;C:\David\dev_file\Repository\org\springframework\spring-test\5.3.4\spring-test-5.3.4.jar;C:\David\dev_file\Repository\org\xmlunit\xmlunit-core\2.7.0\xmlunit-core-2.7.0.jar;"/>
    <property name="sun.cpu.endian" value="little"/>
    <property name="user.home" value="C:\Users\15585"/>
    <property name="user.language" value="zh"/>
    <property name="java.specification.vendor" value="Oracle Corporation"/>
    <property name="java.home" value="C:\David\jdk\jre"/>
    <property name="basedir" value="D:\workSpace\pureray"/>
    <property name="file.separator" value="\"/>
    <property name="line.separator" value="&#10;"/>
    <property name="java.vm.specification.vendor" value="Oracle Corporation"/>
    <property name="java.specification.name" value="Java Platform API Specification"/>
    <property name="java.awt.graphicsenv" value="sun.awt.Win32GraphicsEnvironment"/>
    <property name="surefire.real.class.path" value="C:\Users\15585\AppData\Local\Temp\surefire8337211563634265624\surefirebooter2320071510952504714.jar"/>
    <property name="sun.boot.class.path" value="C:\David\jdk\jre\lib\resources.jar;C:\David\jdk\jre\lib\rt.jar;C:\David\jdk\jre\lib\sunrsasign.jar;C:\David\jdk\jre\lib\jsse.jar;C:\David\jdk\jre\lib\jce.jar;C:\David\jdk\jre\lib\charsets.jar;C:\David\jdk\jre\lib\jfr.jar;C:\David\jdk\jre\classes"/>
    <property name="user.script" value=""/>
    <property name="sun.management.compiler" value="HotSpot 64-Bit Tiered Compilers"/>
    <property name="java.runtime.version" value="1.8.0_221-b11"/>
    <property name="user.name" value="15585"/>
    <property name="path.separator" value=";"/>
    <property name="os.version" value="10.0"/>
    <property name="java.endorsed.dirs" value="C:\David\jdk\jre\lib\endorsed"/>
    <property name="java.runtime.name" value="Java(TM) SE Runtime Environment"/>
    <property name="file.encoding" value="GBK"/>
    <property name="java.vm.name" value="Java HotSpot(TM) 64-Bit Server VM"/>
    <property name="idea.version2020.1" value="true"/>
    <property name="localRepository" value="C:\David\dev_file\Repository"/>
    <property name="java.vendor.url.bug" value="http://bugreport.sun.com/bugreport/"/>
    <property name="java.io.tmpdir" value="C:\Users\15585\AppData\Local\Temp\"/>
    <property name="java.version" value="1.8.0_221"/>
    <property name="user.dir" value="D:\workSpace\pureray"/>
    <property name="os.arch" value="amd64"/>
    <property name="java.vm.specification.name" value="Java Virtual Machine Specification"/>
    <property name="java.awt.printerjob" value="sun.awt.windows.WPrinterJob"/>
    <property name="sun.os.patch.level" value=""/>
    <property name="java.library.path" value="C:\David\jdk\jre\bin;C:\Windows\Sun\Java\bin;C:\Windows\system32;C:\Windows;C:\Program Files (x86)\Common Files\Oracle\Java\javapath;C:\Windows\system32;C:\Windows;C:\Windows\System32\Wbem;C:\Windows\System32\WindowsPowerShell\v1.0\;C:\Windows\System32\OpenSSH\;&quot;C:\David\jdk\bin;C:\David\jdk\jre\bin&quot;;%MYSQL_HOME%\bin;C:\David\dev_tools\Git\cmd;C:\David\dev_tools\apache-maven-3.6.3\bin\;C:\Users\15585\AppData\Local\Microsoft\WindowsApps;D:\software\idea\IntelliJ IDEA 2020.1\bin;C:\Program Files\Bandizip\;."/>
    <property name="java.vm.info" value="mixed mode"/>
    <property name="java.vendor" value="Oracle Corporation"/>
    <property name="java.vm.version" value="25.221-b11"/>
    <property name="java.ext.dirs" value="C:\David\jdk\jre\lib\ext;C:\Windows\Sun\Java\lib\ext"/>
    <property name="sun.io.unicode.encoding" value="UnicodeLittle"/>
    <property name="maven.repo.local" value="C:\David\dev_file\Repository"/>
    <property name="java.class.version" value="52.0"/>
  </properties>
  <testcase name="contextLoads" classname="com.sys.hf.pureray.PurerayApplicationTests" time="0.13"/>
</testsuite>